Loading the ModusToolbox Technology Packs and Early Access Packs
Finished loading the ModusToolbox Technology Packs and Early Access Packs (1 ms)
Loading the tools information
Finished loading the tools information (8 ms)
Loading the manifest data
Loading super manfiest files from all sources
Getting manifests from remote and/or local sources
Processing system manifest 'https://modustoolbox.infineon.com/manifests/mtb-super-manifest/v2.X/mtb-super-manifest-fv2.xml'
Downloading super manifest file 'https://modustoolbox.infineon.com/manifests/mtb-super-manifest/v2.X/mtb-super-manifest-fv2.xml'
Finished loading super manifest files from all sources
Finished download of file 'https://modustoolbox.infineon.com/manifests/mtb-super-manifest/v2.X/mtb-super-manifest-fv2.xml'
Starting to parse super manifest with URL 'https://modustoolbox.infineon.com/manifests/mtb-super-manifest/v2.X/mtb-super-manifest-fv2.xml'
Finished parsing super manifest with URL 'https://modustoolbox.infineon.com/manifests/mtb-super-manifest/v2.X/mtb-super-manifest-fv2.xml'
Downloading manifest file 'https://github.com/Infineon/mtb-ce-manifest/raw/v2.X/mtb-ce-manifest.xml'
Downloading manifest file 'https://github.com/Infineon/mtb-ce-manifest/raw/v2.X/mtb-ce-manifest-fv2.xml'
Downloading manifest file 'https://github.com/Infineon/mtb-bt-app-manifest/raw/v2.X/mtb-bt-app-manifest.xml'
Downloading manifest file 'https://github.com/Infineon/mtb-bt-app-manifest/raw/v2.X/mtb-bt-app-manifest-fv2.xml'
Downloading manifest file 'https://github.com/Infineon/cce-app-manifest/raw/v2.X/cce-app-manifest-fv2.xml'
Downloading manifest file 'https://github.com/Altia-Marketing/altia-ce-manifest/raw/main/altia-ce-manifest-fv2.xml'
Downloading manifest file 'https://github.com/CyberonEBU/cyberon-mtb-ce-manifest/raw/main/cyberon-mtb-ce-manifest-fv2.xml'
Downloading manifest file 'https://github.com/edgeimpulse/edgeimpulse-ce-manifest/raw/main/edgeimpulse-ce-manifest-fv2.xml'
Downloading manifest file 'https://github.com/golioth/mtb-golioth-ce-manifest/raw/main/mtb-golioth-ce-manifest-fv2.xml'
Downloading manifest file 'https://github.com/memfault/mtb-memfault-ce-manifest/raw/main/mtb-memfault-ce-manifest-fv2.xml'
Downloading manifest file 'https://github.com/RutronikSystemSolutions/rutronik-ce-manifest/raw/main/rutronik-ce-manifest-fv2.xml'
Downloading manifest file 'https://github.com/sensiml/sensiml-ce-manifest/raw/main/sensiml-ce-manifest-fv2.xml'
Downloading manifest file 'https://github.com/Infineon/mtb-bsp-manifest/raw/v2.X/mtb-bsp-manifest.xml'
Downloading manifest file 'https://github.com/Infineon/mtb-bsp-manifest/raw/v2.X/mtb-bsp-capabilities-manifest.json'
Downloading manifest file 'https://github.com/Infineon/mtb-bsp-manifest/raw/v2.X/mtb-bsp-manifest-fv2.xml'
Downloading manifest file 'https://github.com/Infineon/mtb-bsp-manifest/raw/v2.X/mtb-bsp-dependencies-manifest.xml'
Downloading manifest file 'https://github.com/Infineon/mtb-bt-bsp-manifest/raw/v2.X/mtb-bt-bsp-manifest.xml'
Downloading manifest file 'https://github.com/Infineon/mtb-bt-bsp-manifest/raw/v2.X/mtb-bt-bsp-manifest-fv2.xml'
Downloading manifest file 'https://github.com/Infineon/mtb-bt-bsp-manifest/raw/v2.X/mtb-bt-bsp-dependencies-manifest.xml'
Downloading manifest file 'https://github.com/RutronikSystemSolutions/rutronik-bsp-manifest/raw/main/rutronik-bsp-manifest-fv2.xml'
Downloading manifest file 'https://github.com/RutronikSystemSolutions/rutronik-bsp-manifest/raw/main/rutronik-bsp-dependencies-manifest.xml'
Downloading manifest file 'https://github.com/Infineon/mtb-mw-manifest/raw/v2.X/mtb-mw-manifest.xml'
Downloading manifest file 'https://github.com/Infineon/mtb-mw-manifest/raw/v2.X/mtb-mw-manifest-fv2.xml'
Downloading manifest file 'https://github.com/Infineon/mtb-mw-manifest/raw/v2.X/mtb-mw-dependencies-manifest.xml'
Downloading manifest file 'https://github.com/Infineon/mtb-bt-mw-manifest/raw/v2.X/mtb-bt-mw-manifest.xml'
Downloading manifest file 'https://github.com/Infineon/mtb-bt-mw-manifest/raw/v2.X/mtb-bt-mw-manifest-fv2.xml'
Downloading manifest file 'https://github.com/Infineon/mtb-bt-mw-manifest/raw/v2.X/mtb-bt-mw-dependencies-manifest.xml'
Downloading manifest file 'https://github.com/Infineon/mtb-wifi-mw-manifest/raw/v2.X/mtb-wifi-mw-manifest.xml'
Downloading manifest file 'https://github.com/Infineon/mtb-wifi-mw-manifest/raw/v2.X/mtb-wifi-mw-manifest-fv2.xml'
Downloading manifest file 'https://github.com/Infineon/mtb-wifi-mw-manifest/raw/v2.X/mtb-wifi-mw-dependencies-manifest.xml'
Downloading manifest file 'https://github.com/CyberonEBU/cyberon-mtb-mw-manifest/raw/main/cyberon-mtb-mw-manifest-fv2.xml'
Downloading manifest file 'https://github.com/golioth/mtb-golioth-mw-manifest/raw/main/mtb-golioth-mw-manifest-fv2.xml'
Downloading manifest file 'https://github.com/memfault/mtb-memfault-mw-manifest/raw/main/mtb-memfault-mw-manifest-fv2.xml'
Downloading manifest file 'https://github.com/sensiml/sensiml-mw-manifest/raw/main/sensiml-mw-manifest-fv2.xml'
Finished download of file 'https://github.com/Infineon/mtb-ce-manifest/raw/v2.X/mtb-ce-manifest.xml'
Finished download of file 'https://github.com/Infineon/mtb-ce-manifest/raw/v2.X/mtb-ce-manifest-fv2.xml'
Finished download of file 'https://github.com/Infineon/mtb-bt-app-manifest/raw/v2.X/mtb-bt-app-manifest.xml'
Finished download of file 'https://github.com/Infineon/mtb-bt-app-manifest/raw/v2.X/mtb-bt-app-manifest-fv2.xml'
Finished download of file 'https://github.com/Infineon/cce-app-manifest/raw/v2.X/cce-app-manifest-fv2.xml'
Finished download of file 'https://github.com/Altia-Marketing/altia-ce-manifest/raw/main/altia-ce-manifest-fv2.xml'
Finished download of file 'https://github.com/CyberonEBU/cyberon-mtb-ce-manifest/raw/main/cyberon-mtb-ce-manifest-fv2.xml'
Finished download of file 'https://github.com/edgeimpulse/edgeimpulse-ce-manifest/raw/main/edgeimpulse-ce-manifest-fv2.xml'
Finished download of file 'https://github.com/golioth/mtb-golioth-ce-manifest/raw/main/mtb-golioth-ce-manifest-fv2.xml'
Finished download of file 'https://github.com/memfault/mtb-memfault-ce-manifest/raw/main/mtb-memfault-ce-manifest-fv2.xml'
Finished download of file 'https://github.com/RutronikSystemSolutions/rutronik-ce-manifest/raw/main/rutronik-ce-manifest-fv2.xml'
Finished download of file 'https://github.com/sensiml/sensiml-ce-manifest/raw/main/sensiml-ce-manifest-fv2.xml'
Finished download of file 'https://github.com/Infineon/mtb-bsp-manifest/raw/v2.X/mtb-bsp-manifest.xml'
Finished download of file 'https://github.com/Infineon/mtb-bsp-manifest/raw/v2.X/mtb-bsp-capabilities-manifest.json'
Finished download of file 'https://github.com/Infineon/mtb-bsp-manifest/raw/v2.X/mtb-bsp-manifest-fv2.xml'
Finished download of file 'https://github.com/Infineon/mtb-bsp-manifest/raw/v2.X/mtb-bsp-dependencies-manifest.xml'
Finished download of file 'https://github.com/Infineon/mtb-bt-bsp-manifest/raw/v2.X/mtb-bt-bsp-manifest.xml'
Finished download of file 'https://github.com/Infineon/mtb-bt-bsp-manifest/raw/v2.X/mtb-bt-bsp-manifest-fv2.xml'
Finished download of file 'https://github.com/Infineon/mtb-bt-bsp-manifest/raw/v2.X/mtb-bt-bsp-dependencies-manifest.xml'
Finished download of file 'https://github.com/RutronikSystemSolutions/rutronik-bsp-manifest/raw/main/rutronik-bsp-manifest-fv2.xml'
Finished download of file 'https://github.com/RutronikSystemSolutions/rutronik-bsp-manifest/raw/main/rutronik-bsp-dependencies-manifest.xml'
Finished download of file 'https://github.com/Infineon/mtb-mw-manifest/raw/v2.X/mtb-mw-manifest.xml'
Finished download of file 'https://github.com/Infineon/mtb-mw-manifest/raw/v2.X/mtb-mw-manifest-fv2.xml'
Finished download of file 'https://github.com/Infineon/mtb-mw-manifest/raw/v2.X/mtb-mw-dependencies-manifest.xml'
Finished download of file 'https://github.com/Infineon/mtb-bt-mw-manifest/raw/v2.X/mtb-bt-mw-manifest.xml'
Finished download of file 'https://github.com/Infineon/mtb-bt-mw-manifest/raw/v2.X/mtb-bt-mw-manifest-fv2.xml'
Finished download of file 'https://github.com/Infineon/mtb-bt-mw-manifest/raw/v2.X/mtb-bt-mw-dependencies-manifest.xml'
Finished download of file 'https://github.com/Infineon/mtb-wifi-mw-manifest/raw/v2.X/mtb-wifi-mw-manifest.xml'
Finished download of file 'https://github.com/Infineon/mtb-wifi-mw-manifest/raw/v2.X/mtb-wifi-mw-manifest-fv2.xml'
Finished download of file 'https://github.com/Infineon/mtb-wifi-mw-manifest/raw/v2.X/mtb-wifi-mw-dependencies-manifest.xml'
Finished download of file 'https://github.com/CyberonEBU/cyberon-mtb-mw-manifest/raw/main/cyberon-mtb-mw-manifest-fv2.xml'
Finished download of file 'https://github.com/golioth/mtb-golioth-mw-manifest/raw/main/mtb-golioth-mw-manifest-fv2.xml'
Finished download of file 'https://github.com/memfault/mtb-memfault-mw-manifest/raw/main/mtb-memfault-mw-manifest-fv2.xml'
Finished download of file 'https://github.com/sensiml/sensiml-mw-manifest/raw/main/sensiml-mw-manifest-fv2.xml'
Finished loading the manifest data (2979 ms)
Loading the device db
Finished loading the device db (1823 ms)
0 error(s), 0 warning(s)

Summary: 

BSP: CY8CPROTO-062-4343W
Template Application(s): Hello World
Application(s) Root Path: C:/Users/newto/OneDrive/Desktop/CYPRESS_PROJECTS/CypressEmbeddedIoT/MicrosoftVisualStudioCode

Press "Create" to create the selected application(s).

Collecting application data...

Info: The following entered on the command line will create the exact same project as that created with the GUI tool:
C:/Infineon/Tools/ModusToolbox/tools_3.1/project-creator/project-creator-cli.exe --board-id CY8CPROTO-062-4343W --board-uri https://github.com/cypresssemiconductorco/TARGET_CY8CPROTO-062-4343W --board-commit latest-v4.X --app-id mtb-example-hal-hello-world --app-uri https://github.com/Infineon/mtb-example-hal-hello-world --app-commit latest-v4.X --target-dir C:/Users/newto/OneDrive/Desktop/CYPRESS_PROJECTS/CypressEmbeddedIoT/MicrosoftVisualStudioCode --user-app-name Hello_World --use-modus-shell

Starting application creation for 'C:/Users/newto/OneDrive/Desktop/CYPRESS_PROJECTS/CypressEmbeddedIoT/MicrosoftVisualStudioCode/Hello_World'.
Acquiring the application source 'https://github.com/Infineon/mtb-example-hal-hello-world'.
Acquired application source successfully.
Loading the application.
Loaded the application successfully.
Processing project 'Hello_World'.
Starting to commit changes to the filesystem and project 'mtb-example-hal-hello-world'.
Writing mtb file for asset 'CY8CPROTO-062-4343W' to the folder 'C:/Users/newto/OneDrive/Desktop/CYPRESS_PROJECTS/CypressEmbeddedIoT/MicrosoftVisualStudioCode/Hello_World/deps'.
Writing mtb file for asset 'cat1cm0p' to the folder 'C:/Users/newto/OneDrive/Desktop/CYPRESS_PROJECTS/CypressEmbeddedIoT/MicrosoftVisualStudioCode/Hello_World/libs'.
Writing mtb file for asset 'core-lib' to the folder 'C:/Users/newto/OneDrive/Desktop/CYPRESS_PROJECTS/CypressEmbeddedIoT/MicrosoftVisualStudioCode/Hello_World/libs'.
Writing mtb file for asset 'core-make' to the folder 'C:/Users/newto/OneDrive/Desktop/CYPRESS_PROJECTS/CypressEmbeddedIoT/MicrosoftVisualStudioCode/Hello_World/libs'.
Writing mtb file for asset 'mtb-hal-cat1' to the folder 'C:/Users/newto/OneDrive/Desktop/CYPRESS_PROJECTS/CypressEmbeddedIoT/MicrosoftVisualStudioCode/Hello_World/libs'.
Writing mtb file for asset 'mtb-pdl-cat1' to the folder 'C:/Users/newto/OneDrive/Desktop/CYPRESS_PROJECTS/CypressEmbeddedIoT/MicrosoftVisualStudioCode/Hello_World/libs'.
Writing mtb file for asset 'recipe-make-cat1a' to the folder 'C:/Users/newto/OneDrive/Desktop/CYPRESS_PROJECTS/CypressEmbeddedIoT/MicrosoftVisualStudioCode/Hello_World/libs'.
Writing mtb file for asset 'cmsis' to the folder 'C:/Users/newto/OneDrive/Desktop/CYPRESS_PROJECTS/CypressEmbeddedIoT/MicrosoftVisualStudioCode/Hello_World/libs'.
Writing mtb file for asset 'retarget-io' to the folder 'C:/Users/newto/OneDrive/Desktop/CYPRESS_PROJECTS/CypressEmbeddedIoT/MicrosoftVisualStudioCode/Hello_World/deps'.
Starting: git -C C:/Users/newto/OneDrive/Desktop/CYPRESS_PROJECTS/CypressEmbeddedIoT/MicrosoftVisualStudioCode/Hello_World/libs clone --origin cypress --no-checkout https://github.com/cypresssemiconductorco/TARGET_CY8CPROTO-062-4343W TARGET_CY8CPROTO-062-4343W
Starting: git -C C:/Users/newto/OneDrive/Desktop/CYPRESS_PROJECTS/CypressEmbeddedIoT/MicrosoftVisualStudioCode/mtb_shared/retarget-io clone --origin cypress --no-checkout https://github.com/cypresssemiconductorco/retarget-io release-v1.5.0
Starting: git -C C:/Users/newto/OneDrive/Desktop/CYPRESS_PROJECTS/CypressEmbeddedIoT/MicrosoftVisualStudioCode/mtb_shared/cat1cm0p clone --origin cypress --no-checkout https://github.com/Infineon/cat1cm0p release-v1.1.0
Starting: git -C C:/Users/newto/OneDrive/Desktop/CYPRESS_PROJECTS/CypressEmbeddedIoT/MicrosoftVisualStudioCode/mtb_shared/core-lib clone --origin cypress --no-checkout https://github.com/cypresssemiconductorco/core-lib release-v1.4.0
Cloning into 'TARGET_CY8CPROTO-062-4343W'...
Cloning into 'release-v1.1.0'...
Cloning into 'release-v1.4.0'...
Cloning into '
release-v1.5.0'...
Success: git -C C:/Users/newto/OneDrive/Desktop/CYPRESS_PROJECTS/CypressEmbeddedIoT/MicrosoftVisualStudioCode/mtb_shared/retarget-io clone --origin cypress --no-checkout https://github.com/cypresssemiconductorco/retarget-io release-v1.5.0
Starting: git -C C:/Users/newto/OneDrive/Desktop/CYPRESS_PROJECTS/CypressEmbeddedIoT/MicrosoftVisualStudioCode/mtb_shared/core-make clone --origin cypress --no-checkout https://github.com/cypresssemiconductorco/core-make release-v3.2.2
Success: git -C C:/Users/newto/OneDrive/Desktop/CYPRESS_PROJECTS/CypressEmbeddedIoT/MicrosoftVisualStudioCode/mtb_shared/core-lib clone --origin cypress --no-checkout https://github.com/cypresssemiconductorco/core-lib release-v1.4.0
Starting: git -C C:/Users/newto/OneDrive/Desktop/CYPRESS_PROJECTS/CypressEmbeddedIoT/MicrosoftVisualStudioCode/mtb_shared/mtb-hal-cat1 clone --origin cypress --no-checkout https://github.com/cypresssemiconductorco/mtb-hal-cat1 release-v2.4.1
Cloning into 'release-v3.2.2'...
Cloning into 'release-v2.4.1'...
Success: git -C C:/Users/newto/OneDrive/Desktop/CYPRESS_PROJECTS/CypressEmbeddedIoT/MicrosoftVisualStudioCode/Hello_World/libs clone --origin cypress --no-checkout https://github.com/cypresssemiconductorco/TARGET_CY8CPROTO-062-4343W TARGET_CY8CPROTO-062-4343W
Starting: git -C C:/Users/newto/OneDrive/Desktop/CYPRESS_PROJECTS/CypressEmbeddedIoT/MicrosoftVisualStudioCode/mtb_shared/mtb-pdl-cat1 clone --origin cypress --no-checkout https://github.com/cypresssemiconductorco/mtb-pdl-cat1 release-v3.4.0
Cloning into 'release-v3.4.0'...
Success: git -C C:/Users/newto/OneDrive/Desktop/CYPRESS_PROJECTS/CypressEmbeddedIoT/MicrosoftVisualStudioCode/mtb_shared/cat1cm0p clone --origin cypress --no-checkout https://github.com/Infineon/cat1cm0p release-v1.1.0
Starting: git -C C:/Users/newto/OneDrive/Desktop/CYPRESS_PROJECTS/CypressEmbeddedIoT/MicrosoftVisualStudioCode/mtb_shared/recipe-make-cat1a clone --origin cypress --no-checkout https://github.com/cypresssemiconductorco/recipe-make-cat1a release-v2.1.1
Cloning into 'release-v2.1.1'...
Success: git -C C:/Users/newto/OneDrive/Desktop/CYPRESS_PROJECTS/CypressEmbeddedIoT/MicrosoftVisualStudioCode/mtb_shared/core-make clone --origin cypress --no-checkout https://github.com/cypresssemiconductorco/core-make release-v3.2.2
Starting: git -C C:/Users/newto/OneDrive/Desktop/CYPRESS_PROJECTS/CypressEmbeddedIoT/MicrosoftVisualStudioCode/mtb_shared/cmsis clone --origin cypress --no-checkout https://github.com/Infineon/cmsis release-v5.8.0
Cloning into 'release-v5.8.0'...
Success: git -C C:/Users/newto/OneDrive/Desktop/CYPRESS_PROJECTS/CypressEmbeddedIoT/MicrosoftVisualStudioCode/mtb_shared/recipe-make-cat1a clone --origin cypress --no-checkout https://github.com/cypresssemiconductorco/recipe-make-cat1a release-v2.1.1
Starting: git -C C:/Users/newto/OneDrive/Desktop/CYPRESS_PROJECTS/CypressEmbeddedIoT/MicrosoftVisualStudioCode/mtb_shared/retarget-io/release-v1.5.0 -c advice.detachedHead=false checkout release-v1.5.0 --force
Success: git -C C:/Users/newto/OneDrive/Desktop/CYPRESS_PROJECTS/CypressEmbeddedIoT/MicrosoftVisualStudioCode/mtb_shared/cmsis clone --origin cypress --no-checkout https://github.com/Infineon/cmsis release-v5.8.0
Starting: git -C C:/Users/newto/OneDrive/Desktop/CYPRESS_PROJECTS/CypressEmbeddedIoT/MicrosoftVisualStudioCode/mtb_shared/core-lib/release-v1.4.0 -c advice.detachedHead=false checkout release-v1.4.0 --force
HEAD is now at db7f962 Upload retarget-io [1515]
Success: git -C C:/Users/newto/OneDrive/Desktop/CYPRESS_PROJECTS/CypressEmbeddedIoT/MicrosoftVisualStudioCode/mtb_shared/retarget-io/release-v1.5.0 -c advice.detachedHead=false checkout release-v1.5.0 --force
Starting: git -C C:/Users/newto/OneDrive/Desktop/CYPRESS_PROJECTS/CypressEmbeddedIoT/MicrosoftVisualStudioCode/Hello_World/libs/TARGET_CY8CPROTO-062-4343W -c advice.detachedHead=false checkout release-v4.2.0 --force
HEAD is now at 9e5ed54 Upload core-lib [1515]
Success: git -C C:/Users/newto/OneDrive/Desktop/CYPRESS_PROJECTS/CypressEmbeddedIoT/MicrosoftVisualStudioCode/mtb_shared/core-lib/release-v1.4.0 -c advice.detachedHead=false checkout release-v1.4.0 --force
Starting: git -C C:/Users/newto/OneDrive/Desktop/CYPRESS_PROJECTS/CypressEmbeddedIoT/MicrosoftVisualStudioCode/mtb_shared/cat1cm0p/release-v1.1.0 -c advice.detachedHead=false checkout release-v1.1.0 --force
HEAD is now at d51de59 Upload TARGET_CY8CPROTO-062-4343W [1515]
Success: git -C C:/Users/newto/OneDrive/Desktop/CYPRESS_PROJECTS/CypressEmbeddedIoT/MicrosoftVisualStudioCode/Hello_World/libs/TARGET_CY8CPROTO-062-4343W -c advice.detachedHead=false checkout release-v4.2.0 --force
Starting: git -C C:/Users/newto/OneDrive/Desktop/CYPRESS_PROJECTS/CypressEmbeddedIoT/MicrosoftVisualStudioCode/mtb_shared/core-make/release-v3.2.2 -c advice.detachedHead=false checkout release-v3.2.2 --force
HEAD is now at 4995428 
Upload cat1cm0p 1.1.0.224 [1514]
Success: git -C C:/Users/newto/OneDrive/Desktop/CYPRESS_PROJECTS/CypressEmbeddedIoT/MicrosoftVisualStudioCode/mtb_shared/cat1cm0p/release-v1.1.0 -c advice.detachedHead=false checkout release-v1.1.0 --force
Starting: git -C C:/Users/newto/OneDrive/Desktop/CYPRESS_PROJECTS/CypressEmbeddedIoT/MicrosoftVisualStudioCode/mtb_shared/recipe-make-cat1a/release-v2.1.1 -c advice.detachedHead=false checkout release-v2.1.1 --force
HEAD is now at b962a1e Upload core-make 3.2.2.4739 [1647]
Success: git -C C:/Users/newto/OneDrive/Desktop/CYPRESS_PROJECTS/CypressEmbeddedIoT/MicrosoftVisualStudioCode/mtb_shared/core-make/release-v3.2.2 -c advice.detachedHead=false checkout release-v3.2.2 --force
Starting: git -C C:/Users/newto/OneDrive/Desktop/CYPRESS_PROJECTS/CypressEmbeddedIoT/MicrosoftVisualStudioCode/mtb_shared/cmsis/release-v5.8.0 -c advice.detachedHead=false checkout release-v5.8.0 --force
HEAD is now at 9cbdee3 Upload recipe-make-cat1a 2.1.1.4648 [1380]
Success: git -C C:/Users/newto/OneDrive/Desktop/CYPRESS_PROJECTS/CypressEmbeddedIoT/MicrosoftVisualStudioCode/mtb_shared/recipe-make-cat1a/release-v2.1.1 -c advice.detachedHead=false checkout release-v2.1.1 --force
Success: git -C C:/Users/newto/OneDrive/Desktop/CYPRESS_PROJECTS/CypressEmbeddedIoT/MicrosoftVisualStudioCode/mtb_shared/mtb-hal-cat1 clone --origin cypress --no-checkout https://github.com/cypresssemiconductorco/mtb-hal-cat1 release-v2.4.1
Starting: git -C C:/Users/newto/OneDrive/Desktop/CYPRESS_PROJECTS/CypressEmbeddedIoT/MicrosoftVisualStudioCode/mtb_shared/mtb-hal-cat1/release-v2.4.1 -c advice.detachedHead=false checkout release-v2.4.1 --force
Success: git -C C:/Users/newto/OneDrive/Desktop/CYPRESS_PROJECTS/CypressEmbeddedIoT/MicrosoftVisualStudioCode/mtb_shared/mtb-pdl-cat1 clone --origin cypress --no-checkout https://github.com/cypresssemiconductorco/mtb-pdl-cat1 release-v3.4.0
Starting: git -C C:/Users/newto/OneDrive/Desktop/CYPRESS_PROJECTS/CypressEmbeddedIoT/MicrosoftVisualStudioCode/mtb_shared/mtb-pdl-cat1/release-v3.4.0 -c advice.detachedHead=false checkout release-v3.4.0 --force
HEAD is now at
 ce02f64 Upload cmsis 5.8.0.50
Success: git -C C:/Users/newto/OneDrive/Desktop/CYPRESS_PROJECTS/CypressEmbeddedIoT/MicrosoftVisualStudioCode/mtb_shared/cmsis/release-v5.8.0 -c advice.detachedHead=false checkout release-v5.8.0 --force
HEAD is now at 6e42268 Upload mtb-hal-cat1 [1612]
Success: git -C C:/Users/newto/OneDrive/Desktop/CYPRESS_PROJECTS/CypressEmbeddedIoT/MicrosoftVisualStudioCode/mtb_shared/mtb-hal-cat1/release-v2.4.1 -c advice.detachedHead=false checkout release-v2.4.1 --force
HEAD is now at 84afadc Upload mtb-pdl-cat1 3.4.0.24948 [1514]
Success: git -C C:/Users/newto/OneDrive/Desktop/CYPRESS_PROJECTS/CypressEmbeddedIoT/MicrosoftVisualStudioCode/mtb_shared/mtb-pdl-cat1/release-v3.4.0 -c advice.detachedHead=false checkout release-v3.4.0 --force
Requested to change the active target to 'APP_CY8CPROTO-062-4343W'.
Removed the file 'C:/Users/newto/OneDrive/Desktop/CYPRESS_PROJECTS/CypressEmbeddedIoT/MicrosoftVisualStudioCode/Hello_World/deps/TARGET_CY8CPROTO-062-4343W.mtb'.
Writing the file 'C:/Users/newto/OneDrive/Desktop/CYPRESS_PROJECTS/CypressEmbeddedIoT/MicrosoftVisualStudioCode/Hello_World/libs/app.mk'.
Successfully committed changes to the project 'mtb-example-hal-hello-world'.
Project "Hello_World" created successfully.
Successfully created "Hello_World" application.
==============================================================================
= Export "Hello_World" application to Microsoft Visual Studio Code =
==============================================================================
make vscode CY_IDE_PRJNAME=Hello_World CY_TOOLS_PATHS=C:/Infineon/Tools/ModusToolbox/tools_3.1
Tools Directory: C:/Infineon/Tools/ModusToolbox/tools_3.1
Removing .mtbqueryapi file...
Searching installed tools in progress...
Searching installed tools complete
Initializing build: mtb-example-hal-hello-world Debug APP_CY8CPROTO-062-4343W GCC_ARM
Prebuild operations complete
Auto-discovery in progress...
Auto-discovery complete
Commencing build operations...
Tools Directory: C:/Infineon/Tools/ModusToolbox/tools_3.1
Constructing build rules...
Build rules construction complete
==============================================================================
= Building application =
==============================================================================
Generating compilation database file...
-> ./build/compile_commands.json
Compilation database file generation complete
Generated C:/Users/newto/OneDrive/Desktop/CYPRESS_PROJECTS/CypressEmbeddedIoT/MicrosoftVisualStudioCode/Hello_World/.vscode/c_cpp_properties.json
Generated C:/Users/newto/OneDrive/Desktop/CYPRESS_PROJECTS/CypressEmbeddedIoT/MicrosoftVisualStudioCode/Hello_World/.vscode/extensions.json
Generated C:/Users/newto/OneDrive/Desktop/CYPRESS_PROJECTS/CypressEmbeddedIoT/MicrosoftVisualStudioCode/Hello_World/.vscode/settings.json
Generated .vscode/tasks.json
Generated mtb-example-hal-hello-world.code-workspace
Generated .vscode/launch.json
Generated openocd.tcl

Required Settings, Tasks and Debug-configurations have been created and are ready to use.
  1. In VS Code, File->Open Workspace From File (Welcome page->Start->Open File)
  2. Select the .code-workspace file from app root directory and open
  3. Builds: Terminal->Run Task
  4. Debugging: "Bug icon" on the left-hand pane:
For more information, refer to the Visual Studio Code for ModusToolbox user guide.
The application "Hello_World" was successfully exported to Microsoft Visual Studio Code.
0 error(s), 0 warning(s)

Summary:

Successfully created and exported "Hello_World" application.
